mode: atomic
gitlabhost.rtp.raleigh.ibm.com/spectrum-plugin/core/controller.go:13.62,15.2 1 0
gitlabhost.rtp.raleigh.ibm.com/spectrum-plugin/core/controller.go:16.65,18.2 1 32
gitlabhost.rtp.raleigh.ibm.com/spectrum-plugin/core/controller.go:20.58,24.16 3 32
gitlabhost.rtp.raleigh.ibm.com/spectrum-plugin/core/controller.go:27.2,27.22 1 31
gitlabhost.rtp.raleigh.ibm.com/spectrum-plugin/core/controller.go:33.2,33.71 1 30
gitlabhost.rtp.raleigh.ibm.com/spectrum-plugin/core/controller.go:24.16,26.3 1 1
gitlabhost.rtp.raleigh.ibm.com/spectrum-plugin/core/controller.go:27.22,29.17 2 30
gitlabhost.rtp.raleigh.ibm.com/spectrum-plugin/core/controller.go:29.17,31.4 1 1
gitlabhost.rtp.raleigh.ibm.com/spectrum-plugin/core/controller.go:35.90,39.16 4 4
gitlabhost.rtp.raleigh.ibm.com/spectrum-plugin/core/controller.go:42.2,42.28 1 3
gitlabhost.rtp.raleigh.ibm.com/spectrum-plugin/core/controller.go:46.2,49.16 4 2
gitlabhost.rtp.raleigh.ibm.com/spectrum-plugin/core/controller.go:54.2,54.23 1 2
gitlabhost.rtp.raleigh.ibm.com/spectrum-plugin/core/controller.go:39.16,41.3 1 1
gitlabhost.rtp.raleigh.ibm.com/spectrum-plugin/core/controller.go:42.28,44.3 1 1
gitlabhost.rtp.raleigh.ibm.com/spectrum-plugin/core/controller.go:49.16,51.3 1 1
gitlabhost.rtp.raleigh.ibm.com/spectrum-plugin/core/controller.go:51.3,53.3 1 1
gitlabhost.rtp.raleigh.ibm.com/spectrum-plugin/core/controller.go:57.91,60.16 3 4
gitlabhost.rtp.raleigh.ibm.com/spectrum-plugin/core/controller.go:63.2,63.28 1 3
gitlabhost.rtp.raleigh.ibm.com/spectrum-plugin/core/controller.go:70.2,70.58 1 1
gitlabhost.rtp.raleigh.ibm.com/spectrum-plugin/core/controller.go:60.16,62.3 1 1
gitlabhost.rtp.raleigh.ibm.com/spectrum-plugin/core/controller.go:63.28,65.17 2 2
gitlabhost.rtp.raleigh.ibm.com/spectrum-plugin/core/controller.go:68.3,68.35 1 1
gitlabhost.rtp.raleigh.ibm.com/spectrum-plugin/core/controller.go:65.17,67.4 1 1
gitlabhost.rtp.raleigh.ibm.com/spectrum-plugin/core/controller.go:73.87,77.16 3 5
gitlabhost.rtp.raleigh.ibm.com/spectrum-plugin/core/controller.go:80.2,80.28 1 4
gitlabhost.rtp.raleigh.ibm.com/spectrum-plugin/core/controller.go:83.2,83.38 1 3
gitlabhost.rtp.raleigh.ibm.com/spectrum-plugin/core/controller.go:86.2,87.16 2 2
gitlabhost.rtp.raleigh.ibm.com/spectrum-plugin/core/controller.go:91.2,92.22 2 1
gitlabhost.rtp.raleigh.ibm.com/spectrum-plugin/core/controller.go:77.16,79.3 1 1
gitlabhost.rtp.raleigh.ibm.com/spectrum-plugin/core/controller.go:80.28,82.3 1 1
gitlabhost.rtp.raleigh.ibm.com/spectrum-plugin/core/controller.go:83.38,85.3 1 1
gitlabhost.rtp.raleigh.ibm.com/spectrum-plugin/core/controller.go:87.16,89.3 1 1
gitlabhost.rtp.raleigh.ibm.com/spectrum-plugin/core/controller.go:95.93,98.16 3 5
gitlabhost.rtp.raleigh.ibm.com/spectrum-plugin/core/controller.go:101.2,101.28 1 4
gitlabhost.rtp.raleigh.ibm.com/spectrum-plugin/core/controller.go:104.2,104.38 1 3
gitlabhost.rtp.raleigh.ibm.com/spectrum-plugin/core/controller.go:107.2,108.16 2 2
gitlabhost.rtp.raleigh.ibm.com/spectrum-plugin/core/controller.go:111.2,112.24 2 1
gitlabhost.rtp.raleigh.ibm.com/spectrum-plugin/core/controller.go:98.16,100.3 1 1
gitlabhost.rtp.raleigh.ibm.com/spectrum-plugin/core/controller.go:101.28,103.3 1 1
gitlabhost.rtp.raleigh.ibm.com/spectrum-plugin/core/controller.go:104.38,106.3 1 1
gitlabhost.rtp.raleigh.ibm.com/spectrum-plugin/core/controller.go:108.16,110.3 1 1
gitlabhost.rtp.raleigh.ibm.com/spectrum-plugin/core/controller.go:115.85,118.16 3 4
gitlabhost.rtp.raleigh.ibm.com/spectrum-plugin/core/controller.go:121.2,121.20 1 3
gitlabhost.rtp.raleigh.ibm.com/spectrum-plugin/core/controller.go:124.2,124.30 1 2
gitlabhost.rtp.raleigh.ibm.com/spectrum-plugin/core/controller.go:127.2,128.21 2 1
gitlabhost.rtp.raleigh.ibm.com/spectrum-plugin/core/controller.go:118.16,120.3 1 1
gitlabhost.rtp.raleigh.ibm.com/spectrum-plugin/core/controller.go:121.20,123.3 1 1
gitlabhost.rtp.raleigh.ibm.com/spectrum-plugin/core/controller.go:124.30,126.3 1 1
gitlabhost.rtp.raleigh.ibm.com/spectrum-plugin/core/controller.go:131.81,134.16 3 3
gitlabhost.rtp.raleigh.ibm.com/spectrum-plugin/core/controller.go:137.2,137.20 1 2
gitlabhost.rtp.raleigh.ibm.com/spectrum-plugin/core/controller.go:140.2,142.20 3 1
gitlabhost.rtp.raleigh.ibm.com/spectrum-plugin/core/controller.go:134.16,136.3 1 1
gitlabhost.rtp.raleigh.ibm.com/spectrum-plugin/core/controller.go:137.20,139.3 1 1
gitlabhost.rtp.raleigh.ibm.com/spectrum-plugin/core/controller.go:145.50,148.16 3 3
gitlabhost.rtp.raleigh.ibm.com/spectrum-plugin/core/controller.go:151.2,152.35 2 2
gitlabhost.rtp.raleigh.ibm.com/spectrum-plugin/core/controller.go:155.2,156.21 2 2
gitlabhost.rtp.raleigh.ibm.com/spectrum-plugin/core/controller.go:148.16,150.3 1 1
gitlabhost.rtp.raleigh.ibm.com/spectrum-plugin/core/controller.go:152.35,154.3 1 1
gitlabhost.rtp.raleigh.ibm.com/spectrum-plugin/core/spectrum.go:21.70,23.2 1 0
gitlabhost.rtp.raleigh.ibm.com/spectrum-plugin/core/spectrum.go:30.69,32.2 1 0
gitlabhost.rtp.raleigh.ibm.com/spectrum-plugin/core/spectrum.go:33.69,35.2 1 0
gitlabhost.rtp.raleigh.ibm.com/spectrum-plugin/core/spectrum.go:36.77,38.2 1 0
gitlabhost.rtp.raleigh.ibm.com/spectrum-plugin/core/spectrum.go:39.69,41.2 1 0
gitlabhost.rtp.raleigh.ibm.com/spectrum-plugin/core/spectrum.go:42.65,44.2 1 0
gitlabhost.rtp.raleigh.ibm.com/spectrum-plugin/core/spectrum.go:45.81,47.2 1 0
gitlabhost.rtp.raleigh.ibm.com/spectrum-plugin/core/spectrum.go:48.57,50.2 1 0
gitlabhost.rtp.raleigh.ibm.com/spectrum-plugin/core/spectrum.go:51.45,53.2 1 0
